2022-09-23 23:29:41,383	[INFO]	(client.py:157)_bot_login	[botpy] 登录机器人账号中...
2022-09-23 23:29:42,100	[INFO]	(client.py:176)_bot_init	[botpy] 程序启动...
2022-09-23 23:29:42,101	[INFO]	(connection.py:59)multi_run	[botpy] 最大并发连接数: 1, 启动会话数: 1
2022-09-23 23:29:42,102	[INFO]	(client.py:234)bot_connect	[botpy] 会话启动中...
2022-09-23 23:29:42,102	[INFO]	(gateway.py:110)ws_connect	[botpy] 启动中...
2022-09-23 23:29:42,361	[INFO]	(gateway.py:136)ws_identify	[botpy] 鉴权中...
2022-09-23 23:29:42,493	[INFO]	(gateway.py:80)on_message	[botpy] 机器人「酱菜初号机-测试中」启动成功！
2022-09-23 23:29:42,494	[INFO]	(client.py:247)ws_dispatch	[botpy] 调度事件: ready
2022-09-23 23:29:42,496	[INFO]	(gateway.py:217)_send_heart	[botpy] 心跳维持启动...
2022-09-23 23:30:15,530	[INFO]	(client.py:247)ws_dispatch	[botpy] 调度事件: message_create
2022-09-23 23:30:39,829	[INFO]	(client.py:157)_bot_login	[botpy] 登录机器人账号中...
2022-09-23 23:30:40,930	[INFO]	(client.py:176)_bot_init	[botpy] 程序启动...
2022-09-23 23:30:40,930	[INFO]	(connection.py:59)multi_run	[botpy] 最大并发连接数: 1, 启动会话数: 1
2022-09-23 23:30:40,931	[INFO]	(client.py:234)bot_connect	[botpy] 会话启动中...
2022-09-23 23:30:40,931	[INFO]	(gateway.py:110)ws_connect	[botpy] 启动中...
2022-09-23 23:30:41,417	[INFO]	(gateway.py:136)ws_identify	[botpy] 鉴权中...
2022-09-23 23:30:41,593	[INFO]	(gateway.py:80)on_message	[botpy] 机器人「酱菜初号机-测试中」启动成功！
2022-09-23 23:30:41,594	[INFO]	(client.py:247)ws_dispatch	[botpy] 调度事件: ready
2022-09-23 23:30:41,596	[INFO]	(gateway.py:217)_send_heart	[botpy] 心跳维持启动...
2022-09-23 23:30:54,652	[INFO]	(client.py:247)ws_dispatch	[botpy] 调度事件: message_create
2022-09-24 00:00:57,596	[INFO]	(client.py:157)_bot_login	[botpy] 登录机器人账号中...
2022-09-24 00:00:58,707	[INFO]	(client.py:176)_bot_init	[botpy] 程序启动...
2022-09-24 00:00:58,708	[INFO]	(connection.py:59)multi_run	[botpy] 最大并发连接数: 1, 启动会话数: 1
2022-09-24 00:00:58,710	[INFO]	(client.py:234)bot_connect	[botpy] 会话启动中...
2022-09-24 00:00:58,711	[INFO]	(gateway.py:110)ws_connect	[botpy] 启动中...
2022-09-24 00:00:58,928	[INFO]	(gateway.py:136)ws_identify	[botpy] 鉴权中...
2022-09-24 00:00:59,044	[INFO]	(gateway.py:80)on_message	[botpy] 机器人「酱菜初号机-测试中」启动成功！
2022-09-24 00:00:59,046	[INFO]	(client.py:247)ws_dispatch	[botpy] 调度事件: ready
2022-09-24 00:00:59,048	[INFO]	(gateway.py:217)_send_heart	[botpy] 心跳维持启动...
2022-09-24 00:01:13,124	[INFO]	(client.py:247)ws_dispatch	[botpy] 调度事件: message_create
2022-09-24 00:01:37,201	[INFO]	(client.py:247)ws_dispatch	[botpy] 调度事件: message_create
2022-09-24 00:02:12,448	[INFO]	(client.py:157)_bot_login	[botpy] 登录机器人账号中...
2022-09-24 00:02:13,317	[INFO]	(client.py:176)_bot_init	[botpy] 程序启动...
2022-09-24 00:02:13,319	[INFO]	(connection.py:59)multi_run	[botpy] 最大并发连接数: 1, 启动会话数: 1
2022-09-24 00:02:13,319	[INFO]	(client.py:234)bot_connect	[botpy] 会话启动中...
2022-09-24 00:02:13,319	[INFO]	(gateway.py:110)ws_connect	[botpy] 启动中...
2022-09-24 00:02:13,497	[INFO]	(gateway.py:136)ws_identify	[botpy] 鉴权中...
2022-09-24 00:02:13,627	[INFO]	(gateway.py:80)on_message	[botpy] 机器人「酱菜初号机-测试中」启动成功！
2022-09-24 00:02:13,627	[INFO]	(client.py:247)ws_dispatch	[botpy] 调度事件: ready
2022-09-24 00:02:13,628	[INFO]	(gateway.py:217)_send_heart	[botpy] 心跳维持启动...
2022-09-24 00:02:33,936	[INFO]	(client.py:247)ws_dispatch	[botpy] 调度事件: message_create
2022-09-24 00:02:44,291	[INFO]	(main.py:228)on_message_create	麻烦你给我出来下咋地啦昨天我捡到50块钱，你非要庆祝我请你吃帝王蟹花了660有人给我透露，这50是你故意掉的你还是不是人?既然找到失主了，那就把50块还给我吧SH0
2022-09-24 00:02:46,340	[INFO]	(main.py:228)on_message_create	ll中国联通公08:56(@或名95%■A china.huanqiu.com山环玩网吉林省榆树市新增无症状感染者3例划定高风险区3个、中风险区4个央视新闻客户端2022-07-15 18:38Tr小字记者从榆树市政府网站7月15日消息获悉，7月14日15时05分，吉林省榆树市接到外省协查通告，1名自广州入境完成集中隔离的境外返回到榆树人员，结束在榆居家健康监测后，由榆树市前往营口市鲅鱼圈区，进行核酸检测时结果异常。榆树市对其在榆期间的密切接触者开展流调排查，发现3例核酸阳性人员，立即转入定点医院隔离治疗，均诊断为无症状感染者。截至15日16时，累计判定密切接触者90人，密接的密接请登录后发表跟帖目0十回●●●
2022-09-24 00:03:53,398	[INFO]	(client.py:247)ws_dispatch	[botpy] 调度事件: message_create
2022-09-24 00:35:07,911	[INFO]	(client.py:157)_bot_login	[botpy] 登录机器人账号中...
2022-09-24 00:35:08,983	[INFO]	(client.py:176)_bot_init	[botpy] 程序启动...
2022-09-24 00:35:08,983	[INFO]	(connection.py:59)multi_run	[botpy] 最大并发连接数: 1, 启动会话数: 1
2022-09-24 00:35:08,984	[INFO]	(client.py:234)bot_connect	[botpy] 会话启动中...
2022-09-24 00:35:08,984	[INFO]	(gateway.py:110)ws_connect	[botpy] 启动中...
2022-09-24 00:35:09,392	[INFO]	(gateway.py:136)ws_identify	[botpy] 鉴权中...
2022-09-24 00:35:09,524	[INFO]	(gateway.py:80)on_message	[botpy] 机器人「酱菜初号机-测试中」启动成功！
2022-09-24 00:35:09,525	[INFO]	(client.py:247)ws_dispatch	[botpy] 调度事件: ready
2022-09-24 00:35:09,525	[INFO]	(gateway.py:217)_send_heart	[botpy] 心跳维持启动...
2022-09-24 00:35:23,626	[INFO]	(client.py:247)ws_dispatch	[botpy] 调度事件: message_create
2022-09-24 00:35:27,992	[INFO]	(main.py:231)on_message_create	2022-09-24 00:35:27	【私域消息】作者ID：4613531459557224572，子频道ID：11372357，消息内容：定时更新msg_id2022年9月24日0时35分27秒
2022-09-24 00:36:05,712	[INFO]	(client.py:247)ws_dispatch	[botpy] 调度事件: message_create
2022-09-24 00:36:05,713	[INFO]	(main.py:231)on_message_create	2022-09-24 00:36:05	【私域消息】作者ID：16801156550331271165，子频道ID：1581707，消息内容：通知估计还要过几天
2022-09-24 00:36:49,865	[INFO]	(client.py:157)_bot_login	[botpy] 登录机器人账号中...
2022-09-24 00:36:50,941	[INFO]	(client.py:176)_bot_init	[botpy] 程序启动...
2022-09-24 00:36:50,942	[INFO]	(connection.py:59)multi_run	[botpy] 最大并发连接数: 1, 启动会话数: 1
2022-09-24 00:36:50,942	[INFO]	(client.py:234)bot_connect	[botpy] 会话启动中...
2022-09-24 00:36:50,943	[INFO]	(gateway.py:110)ws_connect	[botpy] 启动中...
2022-09-24 00:36:51,282	[INFO]	(gateway.py:136)ws_identify	[botpy] 鉴权中...
2022-09-24 00:36:51,399	[INFO]	(gateway.py:80)on_message	[botpy] 机器人「酱菜初号机-测试中」启动成功！
2022-09-24 00:36:51,400	[INFO]	(client.py:247)ws_dispatch	[botpy] 调度事件: ready
2022-09-24 00:36:51,401	[INFO]	(gateway.py:217)_send_heart	[botpy] 心跳维持启动...
2022-09-24 00:37:01,520	[INFO]	(client.py:247)ws_dispatch	[botpy] 调度事件: forum_post_create
2022-09-24 00:37:01,521	[INFO]	(main.py:339)on_forum_post_create	【收到帖子回复】子频道ID：1592773，作者ID：8111891295707593723，回复内容：有点小贵，荤好多是科技与狠活的那种
2022-09-24 00:37:07,430	[INFO]	(client.py:247)ws_dispatch	[botpy] 调度事件: message_create
2022-09-24 00:37:08,393	[INFO]	(main.py:230)on_message_create	文字识别结果OCr.pye scratch.py XC main.py Xbanwords.py X C昵称违禁词列表txt9.9墙|淘特|vx|+V|+Ql+ql=建lycy000707ICAD |影视组|球鞋I零花钱1日结I
2022-09-24 00:37:08,394	[INFO]	(main.py:231)on_message_create	2022-09-24 00:37:08	【私域消息】作者ID：13073234356594112373，子频道ID：1634868，消息内容：OCr.pye scratch.py XC main.py Xbanwords.py X C昵称违禁词列表txt9.9墙|淘特|vx|+V|+Ql+ql=建lycy000707ICAD |影视组|球鞋I零花钱1日结I
2022-09-24 00:37:50,077	[INFO]	(client.py:157)_bot_login	[botpy] 登录机器人账号中...
2022-09-24 00:37:51,164	[INFO]	(client.py:176)_bot_init	[botpy] 程序启动...
2022-09-24 00:37:51,165	[INFO]	(connection.py:59)multi_run	[botpy] 最大并发连接数: 1, 启动会话数: 1
2022-09-24 00:37:51,165	[INFO]	(client.py:234)bot_connect	[botpy] 会话启动中...
2022-09-24 00:37:51,166	[INFO]	(gateway.py:110)ws_connect	[botpy] 启动中...
2022-09-24 00:37:51,402	[INFO]	(gateway.py:136)ws_identify	[botpy] 鉴权中...
2022-09-24 00:37:51,590	[INFO]	(gateway.py:80)on_message	[botpy] 机器人「酱菜初号机-测试中」启动成功！
2022-09-24 00:37:51,590	[INFO]	(client.py:247)ws_dispatch	[botpy] 调度事件: ready
2022-09-24 00:37:51,591	[INFO]	(gateway.py:217)_send_heart	[botpy] 心跳维持启动...
2022-09-24 00:37:54,566	[INFO]	(client.py:247)ws_dispatch	[botpy] 调度事件: message_create
2022-09-24 00:37:55,773	[INFO]	(main.py:230)on_message_create	文字识别结果OCr.pye scratch.py XC main.py Xbanwords.py X C昵称违禁词列表txt9.9墙|淘特|vx|+V|+Ql+ql=建lycy000707ICAD |影视组|球鞋I零花钱1日结I
2022-09-24 00:37:55,774	[INFO]	(main.py:231)on_message_create	2022-09-24 00:37:55	【私域消息】作者ID：13073234356594112373，子频道ID：1634868，消息内容：OCr.pye scratch.py XC main.py Xbanwords.py X C昵称违禁词列表txt9.9墙|淘特|vx|+V|+Ql+ql=建lycy000707ICAD |影视组|球鞋I零花钱1日结I
2022-09-24 00:37:55,777	[INFO]	(main.py:297)on_message_create	权限大于独树一帜，不执行违规检测
2022-09-24 00:38:34,566	[INFO]	(client.py:247)ws_dispatch	[botpy] 调度事件: message_create
2022-09-24 00:38:34,567	[INFO]	(main.py:231)on_message_create	2022-09-24 00:38:34	【私域消息】作者ID：13073234356594112373，子频道ID：1634868，消息内容：1123
2022-09-24 00:38:43,324	[INFO]	(client.py:157)_bot_login	[botpy] 登录机器人账号中...
2022-09-24 00:38:44,392	[INFO]	(client.py:176)_bot_init	[botpy] 程序启动...
2022-09-24 00:38:44,393	[INFO]	(connection.py:59)multi_run	[botpy] 最大并发连接数: 1, 启动会话数: 1
2022-09-24 00:38:44,393	[INFO]	(client.py:234)bot_connect	[botpy] 会话启动中...
2022-09-24 00:38:44,394	[INFO]	(gateway.py:110)ws_connect	[botpy] 启动中...
2022-09-24 00:38:44,737	[INFO]	(gateway.py:136)ws_identify	[botpy] 鉴权中...
2022-09-24 00:38:44,861	[INFO]	(gateway.py:80)on_message	[botpy] 机器人「酱菜初号机-测试中」启动成功！
2022-09-24 00:38:44,862	[INFO]	(client.py:247)ws_dispatch	[botpy] 调度事件: ready
2022-09-24 00:38:44,862	[INFO]	(gateway.py:217)_send_heart	[botpy] 心跳维持启动...
2022-09-24 00:38:55,936	[INFO]	(client.py:247)ws_dispatch	[botpy] 调度事件: message_create
2022-09-24 00:38:55,938	[INFO]	(main.py:226)on_message_create	2022-09-24 00:38:55	【私域消息】作者ID：13073234356594112373，子频道ID：1634868，消息内容：
2022-09-24 00:38:55,941	[INFO]	(main.py:298)on_message_create	权限大于独树一帜，不执行违规检测
2022-09-24 00:39:53,211	[INFO]	(client.py:247)ws_dispatch	[botpy] 调度事件: message_create
2022-09-24 00:39:53,212	[INFO]	(main.py:226)on_message_create	2022-09-24 00:39:53	【私域消息】作者ID：4613531459557224572，子频道ID：11372357，消息内容：定时更新msg_id2022年9月24日0时39分57秒
2022-09-24 00:40:22,432	[INFO]	(client.py:247)ws_dispatch	[botpy] 调度事件: message_create
2022-09-24 00:40:22,433	[INFO]	(main.py:226)on_message_create	2022-09-24 00:40:22	【私域消息】作者ID：4892878271138079921，子频道ID：1634868，消息内容：
2022-09-24 00:40:23,595	[INFO]	(main.py:273)on_message_create	文字识别结果OCr.pye scratch.py XC main.py Xbanwords.py X C昵称违禁词列表txt9.9墙|淘特|vx|+V|+Ql+ql=建lycy000707ICAD |影视组|球鞋I零花钱1日结I
2022-09-24 00:41:25,491	[INFO]	(client.py:157)_bot_login	[botpy] 登录机器人账号中...
2022-09-24 00:41:26,481	[INFO]	(client.py:176)_bot_init	[botpy] 程序启动...
2022-09-24 00:41:26,482	[INFO]	(connection.py:59)multi_run	[botpy] 最大并发连接数: 1, 启动会话数: 1
2022-09-24 00:41:26,483	[INFO]	(client.py:234)bot_connect	[botpy] 会话启动中...
2022-09-24 00:41:26,483	[INFO]	(gateway.py:110)ws_connect	[botpy] 启动中...
2022-09-24 00:41:26,652	[INFO]	(gateway.py:136)ws_identify	[botpy] 鉴权中...
2022-09-24 00:41:26,764	[INFO]	(gateway.py:80)on_message	[botpy] 机器人「酱菜初号机-测试中」启动成功！
2022-09-24 00:41:26,765	[INFO]	(client.py:247)ws_dispatch	[botpy] 调度事件: ready
2022-09-24 00:41:26,765	[INFO]	(gateway.py:217)_send_heart	[botpy] 心跳维持启动...
2022-09-24 00:41:29,813	[INFO]	(client.py:247)ws_dispatch	[botpy] 调度事件: message_create
2022-09-24 00:41:29,814	[INFO]	(main.py:226)on_message_create	2022-09-24 00:41:29	【私域消息】作者ID：4892878271138079921，子频道ID：1634868，消息内容：【图片消息】
2022-09-24 00:41:31,027	[INFO]	(main.py:273)on_message_create	文字识别结果OCr.pye scratch.py XC main.py Xbanwords.py X C昵称违禁词列表txt9.9墙|淘特|vx|+V|+Ql+ql=建lycy000707ICAD |影视组|球鞋I零花钱1日结I
2022-09-24 00:44:22,677	[INFO]	(client.py:247)ws_dispatch	[botpy] 调度事件: message_create
2022-09-24 00:44:22,678	[INFO]	(main.py:226)on_message_create	2022-09-24 00:44:22	【私域消息】作者ID：4613531459557224572，子频道ID：11372357，消息内容：定时更新msg_id2022年9月24日0时44分27秒
2022-09-24 00:46:17,356	[INFO]	(client.py:247)ws_dispatch	[botpy] 调度事件: message_create
2022-09-24 00:46:17,358	[INFO]	(main.py:226)on_message_create	2022-09-24 00:46:17	【私域消息】作者ID：10516893744758576442，子频道ID：1581707，消息内容：<@!8848928712372634934> [震惊哭]我看通知那么写的，要是不放心明天去看看能不能报名嗷
2022-09-24 00:46:50,767	[INFO]	(client.py:157)_bot_login	[botpy] 登录机器人账号中...
2022-09-24 00:46:51,765	[INFO]	(client.py:176)_bot_init	[botpy] 程序启动...
2022-09-24 00:46:51,765	[INFO]	(connection.py:59)multi_run	[botpy] 最大并发连接数: 1, 启动会话数: 1
2022-09-24 00:46:51,766	[INFO]	(client.py:234)bot_connect	[botpy] 会话启动中...
2022-09-24 00:46:51,767	[INFO]	(gateway.py:110)ws_connect	[botpy] 启动中...
2022-09-24 00:46:52,164	[INFO]	(gateway.py:136)ws_identify	[botpy] 鉴权中...
2022-09-24 00:46:52,306	[INFO]	(gateway.py:80)on_message	[botpy] 机器人「酱菜初号机-测试中」启动成功！
2022-09-24 00:46:52,307	[INFO]	(client.py:247)ws_dispatch	[botpy] 调度事件: ready
2022-09-24 00:46:52,309	[INFO]	(gateway.py:217)_send_heart	[botpy] 心跳维持启动...
2022-09-24 00:47:01,387	[INFO]	(client.py:247)ws_dispatch	[botpy] 调度事件: message_create
2022-09-24 00:47:01,389	[INFO]	(main.py:228)on_message_create	2022-09-24 00:47:01	【私域消息】作者ID：4892878271138079921，子频道ID：1634868，消息内容：【图片消息】
2022-09-24 00:47:02,557	[INFO]	(main.py:275)on_message_create	文字识别结果OCr.pye scratch.py XC main.py Xbanwords.py X C昵称违禁词列表txt9.9墙|淘特|vx|+V|+Ql+ql=建lycy000707ICAD |影视组|球鞋I零花钱1日结I
2022-09-24 00:47:02,558	[INFO]	(main.py:281)on_message_create	触发普通违禁词：
2022-09-24 00:47:51,667	[INFO]	(client.py:247)ws_dispatch	[botpy] 调度事件: message_create
2022-09-24 00:47:51,669	[INFO]	(main.py:228)on_message_create	2022-09-24 00:47:51	【私域消息】作者ID：13073234356594112373，子频道ID：1598678，消息内容：%%3
2022-09-24 00:47:52,210	[INFO]	(main.py:255)on_message_create	【群管模块】4892878271138079921：已解除禁言。
2022-09-24 00:47:52,646	[INFO]	(client.py:247)ws_dispatch	[botpy] 调度事件: message_create
2022-09-24 00:47:52,647	[INFO]	(main.py:228)on_message_create	2022-09-24 00:47:52	【私域消息】作者ID：4613531459557224572，子频道ID：1598678，消息内容：144115218652759637
已解除禁言。
2022-09-24 00:48:06,729	[INFO]	(client.py:247)ws_dispatch	[botpy] 调度事件: message_create
2022-09-24 00:48:06,730	[INFO]	(main.py:228)on_message_create	2022-09-24 00:48:06	【私域消息】作者ID：4892878271138079921，子频道ID：1634868，消息内容：测试test123
2022-09-24 00:48:07,675	[INFO]	(main.py:275)on_message_create	文字识别结果OCr.pye scratch.py XC main.py Xbanwords.py X C昵称违禁词列表txt9.9墙|淘特|vx|+V|+Ql+ql=建lycy000707ICAD |影视组|球鞋I零花钱1日结I
2022-09-24 00:48:07,677	[INFO]	(main.py:281)on_message_create	触发普通违禁词：测试
2022-09-24 00:48:32,935	[INFO]	(client.py:247)ws_dispatch	[botpy] 调度事件: message_create
2022-09-24 00:48:32,937	[INFO]	(main.py:228)on_message_create	2022-09-24 00:48:32	【私域消息】作者ID：13073234356594112373，子频道ID：1598678，消息内容：%%3
2022-09-24 00:48:33,550	[INFO]	(main.py:255)on_message_create	【群管模块】4892878271138079921：已解除禁言。
2022-09-24 00:48:33,896	[INFO]	(client.py:247)ws_dispatch	[botpy] 调度事件: message_create
2022-09-24 00:48:33,898	[INFO]	(main.py:228)on_message_create	2022-09-24 00:48:33	【私域消息】作者ID：4613531459557224572，子频道ID：1598678，消息内容：144115218652759637
已解除禁言。
2022-09-24 00:48:37,938	[INFO]	(client.py:247)ws_dispatch	[botpy] 调度事件: message_create
2022-09-24 00:48:37,940	[INFO]	(main.py:228)on_message_create	2022-09-24 00:48:37	【私域消息】作者ID：4892878271138079921，子频道ID：1634868，消息内容：idbsmxksjdndj
2022-09-24 00:48:38,984	[INFO]	(main.py:275)on_message_create	文字识别结果OCr.pye scratch.py XC main.py Xbanwords.py X C昵称违禁词列表txt9.9墙|淘特|vx|+V|+Ql+ql=建lycy000707ICAD |影视组|球鞋I零花钱1日结I
2022-09-24 00:48:38,985	[INFO]	(main.py:281)on_message_create	触发普通违禁词：
2022-09-24 00:48:53,036	[INFO]	(client.py:247)ws_dispatch	[botpy] 调度事件: message_create
2022-09-24 00:48:53,037	[INFO]	(main.py:228)on_message_create	2022-09-24 00:48:53	【私域消息】作者ID：4613531459557224572，子频道ID：11372357，消息内容：定时更新msg_id2022年9月24日0时48分57秒
2022-09-24 00:49:08,135	[INFO]	(client.py:247)ws_dispatch	[botpy] 调度事件: message_create
2022-09-24 00:49:08,137	[INFO]	(main.py:228)on_message_create	2022-09-24 00:49:08	【私域消息】作者ID：13073234356594112373，子频道ID：1598678，消息内容：%%3
2022-09-24 00:49:08,676	[INFO]	(main.py:255)on_message_create	【群管模块】4892878271138079921：已解除禁言。
2022-09-24 00:49:09,164	[INFO]	(client.py:247)ws_dispatch	[botpy] 调度事件: message_create
2022-09-24 00:49:09,165	[INFO]	(main.py:228)on_message_create	2022-09-24 00:49:09	【私域消息】作者ID：4613531459557224572，子频道ID：1598678，消息内容：144115218652759637
已解除禁言。
2022-09-24 00:49:33,300	[INFO]	(client.py:247)ws_dispatch	[botpy] 调度事件: message_create
2022-09-24 00:49:33,301	[INFO]	(client.py:247)ws_dispatch	[botpy] 调度事件: at_message_create
2022-09-24 00:49:33,302	[INFO]	(main.py:228)on_message_create	2022-09-24 00:49:33	【私域消息】作者ID：4892878271138079921，子频道ID：1634868，消息内容：<@!4317242290000482698> 删白<@!4892878271138079921> 
2022-09-24 00:49:47,383	[INFO]	(client.py:247)ws_dispatch	[botpy] 调度事件: message_create
2022-09-24 00:49:47,384	[INFO]	(client.py:247)ws_dispatch	[botpy] 调度事件: at_message_create
2022-09-24 00:49:47,384	[INFO]	(main.py:228)on_message_create	2022-09-24 00:49:47	【私域消息】作者ID：13073234356594112373，子频道ID：1634868，消息内容：<@!4317242290000482698> 删白<@!4892878271138079921> 
2022-09-24 00:49:48,041	[INFO]	(main.py:86)del_whitelist	【白名单模块】已删除白名单，已移除【独树一帜】身份组。
2022-09-24 00:49:48,410	[INFO]	(client.py:247)ws_dispatch	[botpy] 调度事件: guild_member_update
2022-09-24 00:53:23,549	[INFO]	(client.py:247)ws_dispatch	[botpy] 调度事件: message_create
2022-09-24 00:53:23,550	[INFO]	(main.py:228)on_message_create	2022-09-24 00:53:23	【私域消息】作者ID：4613531459557224572，子频道ID：11372357，消息内容：定时更新msg_id2022年9月24日0时53分27秒
2022-09-24 00:54:31,844	[INFO]	(client.py:247)ws_dispatch	[botpy] 调度事件: message_create
2022-09-24 00:54:31,845	[INFO]	(main.py:228)on_message_create	2022-09-24 00:54:31	【私域消息】作者ID：4613531459557224572，子频道ID：3217741，消息内容：群订阅的UP主[鼠标Office]更新新视频啦(^ω^)
(13315327）
标题：【桥洞FM】请不要把胡萝卜用于人体[943346889]
描述：【无前Namae】
录播：https://www.bilibili.com/video/BV1Kd4y1z7Pv/
主播主页：https://space.bilibili.co...(点击链接查看)
发布时间：2022-09-24 00:54:00(时长：2分5秒)
当前已有：0人看过啦，快来抢位置吧
URL：https://www.bilibili.com/video/BV1tW4y1v7Rq
2022-09-24 18:54:29,194	[INFO]	(client.py:157)_bot_login	[botpy] 登录机器人账号中...
2022-09-24 18:54:30,459	[INFO]	(client.py:176)_bot_init	[botpy] 程序启动...
2022-09-24 18:54:30,459	[INFO]	(connection.py:59)multi_run	[botpy] 最大并发连接数: 1, 启动会话数: 1
2022-09-24 18:54:30,460	[INFO]	(client.py:234)bot_connect	[botpy] 会话启动中...
2022-09-24 18:54:30,460	[INFO]	(gateway.py:110)ws_connect	[botpy] 启动中...
2022-09-24 18:54:30,881	[INFO]	(gateway.py:136)ws_identify	[botpy] 鉴权中...
2022-09-24 18:54:31,010	[INFO]	(gateway.py:80)on_message	[botpy] 机器人「酱菜初号机-测试中」启动成功！
2022-09-24 18:54:31,011	[INFO]	(client.py:247)ws_dispatch	[botpy] 调度事件: ready
2022-09-24 18:54:31,011	[INFO]	(gateway.py:217)_send_heart	[botpy] 心跳维持启动...
